# JRE version: OpenJDK Runtime Environment (11.0.10) (build 11.0.10+0-b96-7249189)
# Java VM: OpenJDK 64-Bit Server VM (11.0.10+0-b96-7249189, mixed mode, tiered, compressed oops, g1 gc, windows-amd64)
Heap:
 garbage-first heap   total 98304K, used 38515K [0x0000000080000000, 0x0000000100000000)
  region size 1024K, 25 young (25600K), 4 survivors (4096K)
 Metaspace       used 26952K, capacity 27605K, committed 27648K, reserved 1073152K
  class space    used 3559K, capacity 3825K, committed 3840K, reserved 1048576K
GC Heap History (8 events):
Event: 1.014 GC heap before
{Heap before GC invocations=0 (full 0):
 garbage-first heap   total 98304K, used 29696K [0x0000000080000000, 0x0000000100000000)
  region size 1024K, 24 young (24576K), 0 survivors (0K)
 Metaspace       used 9789K, capacity 9986K, committed 10112K, reserved 1058816K
  class space    used 1022K, capacity 1102K, committed 1152K, reserved 1048576K
}
Event: 1.022 GC heap after
{Heap after GC invocations=1 (full 0):
 garbage-first heap   total 98304K, used 9029K [0x0000000080000000, 0x0000000100000000)
  region size 1024K, 3 young (3072K), 3 survivors (3072K)
 Metaspace       used 9789K, capacity 9986K, committed 10112K, reserved 1058816K
  class space    used 1022K, capacity 1102K, committed 1152K, reserved 1048576K
}
Event: 1.936 GC heap before
{Heap before GC invocations=1 (full 0):
 garbage-first heap   total 98304K, used 64325K [0x0000000080000000, 0x0000000100000000)
  region size 1024K, 57 young (58368K), 3 survivors (3072K)
 Metaspace       used 13964K, capacity 14285K, committed 14592K, reserved 1062912K
  class space    used 1576K, capacity 1684K, committed 1792K, reserved 1048576K
}
Event: 1.944 GC heap after
{Heap after GC invocations=2 (full 0):
 garbage-first heap   total 98304K, used 14703K [0x0000000080000000, 0x0000000100000000)
  region size 1024K, 8 young (8192K), 8 survivors (8192K)
 Metaspace       used 13964K, capacity 14285K, committed 14592K, reserved 1062912K
  class space    used 1576K, capacity 1684K, committed 1792K, reserved 1048576K
}
Event: 3.262 GC heap before
{Heap before GC invocations=2 (full 0):
 garbage-first heap   total 98304K, used 55663K [0x0000000080000000, 0x0000000100000000)
  region size 1024K, 49 young (50176K), 8 survivors (8192K)
 Metaspace       used 20588K, capacity 21126K, committed 21248K, reserved 1067008K
  class space    used 2522K, capacity 2723K, committed 2816K, reserved 1048576K
}
Event: 3.271 GC heap after
{Heap after GC invocations=3 (full 0):
 garbage-first heap   total 98304K, used 16409K [0x0000000080000000, 0x0000000100000000)
  region size 1024K, 2 young (2048K), 2 survivors (2048K)
 Metaspace       used 20588K, capacity 21126K, committed 21248K, reserved 1067008K
  class space    used 2522K, capacity 2723K, committed 2816K, reserved 1048576K
}
Event: 3.894 GC heap before
{Heap before GC invocations=4 (full 0):
 garbage-first heap   total 98304K, used 63513K [0x0000000080000000, 0x0000000100000000)
  region size 1024K, 48 young (49152K), 2 survivors (2048K)
 Metaspace       used 25443K, capacity 26002K, committed 26112K, reserved 1071104K
  class space    used 3327K, capacity 3566K, committed 3584K, reserved 1048576K
}
Event: 3.898 GC heap after
{Heap after GC invocations=5 (full 0):
 garbage-first heap   total 98304K, used 18035K [0x0000000080000000, 0x0000000100000000)
  region size 1024K, 4 young (4096K), 4 survivors (4096K)
 Metaspace       used 25443K, capacity 26002K, committed 26112K, reserved 1071104K
  class space    used 3327K, capacity 3566K, committed 3584K, reserved 1048576K
}

