# JRE version: OpenJDK Runtime Environment (11.0.10) (build 11.0.10+0-b96-7249189)
# Java VM: OpenJDK 64-Bit Server VM (11.0.10+0-b96-7249189, mixed mode, tiered, compressed oops, g1 gc, windows-amd64)
Heap:
 garbage-first heap   total 118784K, used 41962K [0x0000000080000000, 0x0000000100000000)
  region size 1024K, 22 young (22528K), 6 survivors (6144K)
 Metaspace       used 38906K, capacity 39891K, committed 40268K, reserved 1083392K
  class space    used 4980K, capacity 5316K, committed 5452K, reserved 1048576K
GC Heap History (14 events):
Event: 1.010 GC heap before
{Heap before GC invocations=0 (full 0):
 garbage-first heap   total 98304K, used 29696K [0x0000000080000000, 0x0000000100000000)
  region size 1024K, 24 young (24576K), 0 survivors (0K)
 Metaspace       used 9801K, capacity 9986K, committed 10112K, reserved 1058816K
  class space    used 1022K, capacity 1102K, committed 1152K, reserved 1048576K
}
Event: 1.018 GC heap after
{Heap after GC invocations=1 (full 0):
 garbage-first heap   total 98304K, used 9036K [0x0000000080000000, 0x0000000100000000)
  region size 1024K, 3 young (3072K), 3 survivors (3072K)
 Metaspace       used 9801K, capacity 9986K, committed 10112K, reserved 1058816K
  class space    used 1022K, capacity 1102K, committed 1152K, reserved 1048576K
}
Event: 1.881 GC heap before
{Heap before GC invocations=1 (full 0):
 garbage-first heap   total 98304K, used 64332K [0x0000000080000000, 0x0000000100000000)
  region size 1024K, 57 young (58368K), 3 survivors (3072K)
 Metaspace       used 13852K, capacity 14221K, committed 14336K, reserved 1062912K
  class space    used 1556K, capacity 1684K, committed 1792K, reserved 1048576K
}
Event: 1.889 GC heap after
{Heap after GC invocations=2 (full 0):
 garbage-first heap   total 98304K, used 14797K [0x0000000080000000, 0x0000000100000000)
  region size 1024K, 8 young (8192K), 8 survivors (8192K)
 Metaspace       used 13852K, capacity 14221K, committed 14336K, reserved 1062912K
  class space    used 1556K, capacity 1684K, committed 1792K, reserved 1048576K
}
Event: 3.331 GC heap before
{Heap before GC invocations=2 (full 0):
 garbage-first heap   total 98304K, used 55757K [0x0000000080000000, 0x0000000100000000)
  region size 1024K, 49 young (50176K), 8 survivors (8192K)
 Metaspace       used 20596K, capacity 21129K, committed 21248K, reserved 1067008K
  class space    used 2526K, capacity 2724K, committed 2816K, reserved 1048576K
}
Event: 3.340 GC heap after
{Heap after GC invocations=3 (full 0):
 garbage-first heap   total 98304K, used 17280K [0x0000000080000000, 0x0000000100000000)
  region size 1024K, 2 young (2048K), 2 survivors (2048K)
 Metaspace       used 20596K, capacity 21129K, committed 21248K, reserved 1067008K
  class space    used 2526K, capacity 2724K, committed 2816K, reserved 1048576K
}
Event: 3.968 GC heap before
{Heap before GC invocations=4 (full 0):
 garbage-first heap   total 98304K, used 63360K [0x0000000080000000, 0x0000000100000000)
  region size 1024K, 47 young (48128K), 2 survivors (2048K)
 Metaspace       used 25226K, capacity 25782K, committed 26112K, reserved 1071104K
  class space    used 3288K, capacity 3492K, committed 3584K, reserved 1048576K
}
Event: 3.972 GC heap after
{Heap after GC invocations=5 (full 0):
 garbage-first heap   total 98304K, used 18741K [0x0000000080000000, 0x0000000100000000)
  region size 1024K, 4 young (4096K), 4 survivors (4096K)
 Metaspace       used 25226K, capacity 25782K, committed 26112K, reserved 1071104K
  class space    used 3288K, capacity 3492K, committed 3584K, reserved 1048576K
}
Event: 4.830 GC heap before
{Heap before GC invocations=5 (full 0):
 garbage-first heap   total 98304K, used 66869K [0x0000000080000000, 0x0000000100000000)
  region size 1024K, 51 young (52224K), 4 survivors (4096K)
 Metaspace       used 30199K, capacity 30897K, committed 30976K, reserved 1075200K
  class space    used 4055K, capacity 4304K, committed 4352K, reserved 1048576K
}
Event: 4.834 GC heap after
{Heap after GC invocations=6 (full 0):
 garbage-first heap   total 98304K, used 20070K [0x0000000080000000, 0x0000000100000000)
  region size 1024K, 5 young (5120K), 5 survivors (5120K)
 Metaspace       used 30199K, capacity 30897K, committed 30976K, reserved 1075200K
  class space    used 4055K, capacity 4304K, committed 4352K, reserved 1048576K
}
Event: 5.382 GC heap before
{Heap before GC invocations=6 (full 0):
 garbage-first heap   total 98304K, used 34406K [0x0000000080000000, 0x0000000100000000)
  region size 1024K, 21 young (21504K), 5 survivors (5120K)
 Metaspace       used 35051K, capacity 35830K, committed 35840K, reserved 1081344K
  class space    used 4546K, capacity 4864K, committed 4864K, reserved 1048576K
}
Event: 5.393 GC heap after
{Heap after GC invocations=7 (full 0):
 garbage-first heap   total 98304K, used 22546K [0x0000000080000000, 0x0000000100000000)
  region size 1024K, 6 young (6144K), 6 survivors (6144K)
 Metaspace       used 35051K, capacity 35830K, committed 35840K, reserved 1081344K
  class space    used 4546K, capacity 4864K, committed 4864K, reserved 1048576K
}
Event: 6.064 GC heap before
{Heap before GC invocations=8 (full 0):
 garbage-first heap   total 98304K, used 65554K [0x0000000080000000, 0x0000000100000000)
  region size 1024K, 46 young (47104K), 6 survivors (6144K)
 Metaspace       used 38275K, capacity 39193K, committed 39372K, reserved 1083392K
  class space    used 4894K, capacity 5212K, committed 5324K, reserved 1048576K
}
Event: 6.075 GC heap after
{Heap after GC invocations=9 (full 0):
 garbage-first heap   total 118784K, used 26602K [0x0000000080000000, 0x0000000100000000)
  region size 1024K, 6 young (6144K), 6 survivors (6144K)
 Metaspace       used 38275K, capacity 39193K, committed 39372K, reserved 1083392K
  class space    used 4894K, capacity 5212K, committed 5324K, reserved 1048576K
}

