# JRE version: OpenJDK Runtime Environment (11.0.10) (build 11.0.10+0-b96-7249189)
# Java VM: OpenJDK 64-Bit Server VM (11.0.10+0-b96-7249189, mixed mode, tiered, compressed oops, g1 gc, windows-amd64)
Heap:
 garbage-first heap   total 118784K, used 54669K [0x0000000080000000, 0x0000000100000000)
  region size 1024K, 21 young (21504K), 7 survivors (7168K)
 Metaspace       used 50346K, capacity 51675K, committed 51840K, reserved 1093632K
  class space    used 6547K, capacity 7027K, committed 7040K, reserved 1048576K
GC Heap History (20 events):
Event: 0.927 GC heap before
{Heap before GC invocations=0 (full 0):
 garbage-first heap   total 98304K, used 29696K [0x0000000080000000, 0x0000000100000000)
  region size 1024K, 24 young (24576K), 0 survivors (0K)
 Metaspace       used 9803K, capacity 9986K, committed 10112K, reserved 1058816K
  class space    used 1021K, capacity 1102K, committed 1152K, reserved 1048576K
}
Event: 0.935 GC heap after
{Heap after GC invocations=1 (full 0):
 garbage-first heap   total 98304K, used 9111K [0x0000000080000000, 0x0000000100000000)
  region size 1024K, 3 young (3072K), 3 survivors (3072K)
 Metaspace       used 9803K, capacity 9986K, committed 10112K, reserved 1058816K
  class space    used 1021K, capacity 1102K, committed 1152K, reserved 1048576K
}
Event: 1.803 GC heap before
{Heap before GC invocations=1 (full 0):
 garbage-first heap   total 98304K, used 64407K [0x0000000080000000, 0x0000000100000000)
  region size 1024K, 57 young (58368K), 3 survivors (3072K)
 Metaspace       used 13831K, capacity 14221K, committed 14336K, reserved 1062912K
  class space    used 1553K, capacity 1684K, committed 1792K, reserved 1048576K
}
Event: 1.810 GC heap after
{Heap after GC invocations=2 (full 0):
 garbage-first heap   total 98304K, used 14859K [0x0000000080000000, 0x0000000100000000)
  region size 1024K, 8 young (8192K), 8 survivors (8192K)
 Metaspace       used 13831K, capacity 14221K, committed 14336K, reserved 1062912K
  class space    used 1553K, capacity 1684K, committed 1792K, reserved 1048576K
}
Event: 3.369 GC heap before
{Heap before GC invocations=2 (full 0):
 garbage-first heap   total 98304K, used 54795K [0x0000000080000000, 0x0000000100000000)
  region size 1024K, 48 young (49152K), 8 survivors (8192K)
 Metaspace       used 20600K, capacity 21140K, committed 21248K, reserved 1067008K
  class space    used 2527K, capacity 2728K, committed 2816K, reserved 1048576K
}
Event: 3.379 GC heap after
{Heap after GC invocations=3 (full 0):
 garbage-first heap   total 98304K, used 17254K [0x0000000080000000, 0x0000000100000000)
  region size 1024K, 2 young (2048K), 2 survivors (2048K)
 Metaspace       used 20600K, capacity 21140K, committed 21248K, reserved 1067008K
  class space    used 2527K, capacity 2728K, committed 2816K, reserved 1048576K
}
Event: 4.120 GC heap before
{Heap before GC invocations=4 (full 0):
 garbage-first heap   total 98304K, used 63334K [0x0000000080000000, 0x0000000100000000)
  region size 1024K, 47 young (48128K), 2 survivors (2048K)
 Metaspace       used 25292K, capacity 25900K, committed 26112K, reserved 1071104K
  class space    used 3305K, capacity 3532K, committed 3584K, reserved 1048576K
}
Event: 4.124 GC heap after
{Heap after GC invocations=5 (full 0):
 garbage-first heap   total 98304K, used 18792K [0x0000000080000000, 0x0000000100000000)
  region size 1024K, 4 young (4096K), 4 survivors (4096K)
 Metaspace       used 25292K, capacity 25900K, committed 26112K, reserved 1071104K
  class space    used 3305K, capacity 3532K, committed 3584K, reserved 1048576K
}
Event: 4.848 GC heap before
{Heap before GC invocations=5 (full 0):
 garbage-first heap   total 98304K, used 66920K [0x0000000080000000, 0x0000000100000000)
  region size 1024K, 51 young (52224K), 4 survivors (4096K)
 Metaspace       used 30181K, capacity 30897K, committed 30976K, reserved 1075200K
  class space    used 4054K, capacity 4304K, committed 4352K, reserved 1048576K
}
Event: 4.853 GC heap after
{Heap after GC invocations=6 (full 0):
 garbage-first heap   total 98304K, used 20408K [0x0000000080000000, 0x0000000100000000)
  region size 1024K, 5 young (5120K), 5 survivors (5120K)
 Metaspace       used 30181K, capacity 30897K, committed 30976K, reserved 1075200K
  class space    used 4054K, capacity 4304K, committed 4352K, reserved 1048576K
}
Event: 5.301 GC heap before
{Heap before GC invocations=6 (full 0):
 garbage-first heap   total 98304K, used 34744K [0x0000000080000000, 0x0000000100000000)
  region size 1024K, 20 young (20480K), 5 survivors (5120K)
 Metaspace       used 35034K, capacity 35798K, committed 35840K, reserved 1081344K
  class space    used 4544K, capacity 4832K, committed 4864K, reserved 1048576K
}
Event: 5.312 GC heap after
{Heap after GC invocations=7 (full 0):
 garbage-first heap   total 98304K, used 22702K [0x0000000080000000, 0x0000000100000000)
  region size 1024K, 6 young (6144K), 6 survivors (6144K)
 Metaspace       used 35034K, capacity 35798K, committed 35840K, reserved 1081344K
  class space    used 4544K, capacity 4832K, committed 4864K, reserved 1048576K
}
Event: 5.871 GC heap before
{Heap before GC invocations=8 (full 0):
 garbage-first heap   total 98304K, used 63662K [0x0000000080000000, 0x0000000100000000)
  region size 1024K, 44 young (45056K), 6 survivors (6144K)
 Metaspace       used 38148K, capacity 39065K, committed 39296K, reserved 1083392K
  class space    used 4880K, capacity 5212K, committed 5248K, reserved 1048576K
}
Event: 5.880 GC heap after
{Heap after GC invocations=9 (full 0):
 garbage-first heap   total 118784K, used 26128K [0x0000000080000000, 0x0000000100000000)
  region size 1024K, 6 young (6144K), 6 survivors (6144K)
 Metaspace       used 38148K, capacity 39065K, committed 39296K, reserved 1083392K
  class space    used 4880K, capacity 5212K, committed 5248K, reserved 1048576K
}
Event: 6.721 GC heap before
{Heap before GC invocations=9 (full 0):
 garbage-first heap   total 118784K, used 75280K [0x0000000080000000, 0x0000000100000000)
  region size 1024K, 54 young (55296K), 6 survivors (6144K)
 Metaspace       used 42376K, capacity 43369K, committed 43392K, reserved 1087488K
  class space    used 5388K, capacity 5744K, committed 5760K, reserved 1048576K
}
Event: 6.726 GC heap after
{Heap after GC invocations=10 (full 0):
 garbage-first heap   total 118784K, used 28459K [0x0000000080000000, 0x0000000100000000)
  region size 1024K, 6 young (6144K), 6 survivors (6144K)
 Metaspace       used 42376K, capacity 43369K, committed 43392K, reserved 1087488K
  class space    used 5388K, capacity 5744K, committed 5760K, reserved 1048576K
}
Event: 7.724 GC heap before
{Heap before GC invocations=10 (full 0):
 garbage-first heap   total 118784K, used 78635K [0x0000000080000000, 0x0000000100000000)
  region size 1024K, 55 young (56320K), 6 survivors (6144K)
 Metaspace       used 46118K, capacity 47355K, committed 47616K, reserved 1091584K
  class space    used 5913K, capacity 6349K, committed 6400K, reserved 1048576K
}
Event: 7.731 GC heap after
{Heap after GC invocations=11 (full 0):
 garbage-first heap   total 118784K, used 30902K [0x0000000080000000, 0x0000000100000000)
  region size 1024K, 6 young (6144K), 6 survivors (6144K)
 Metaspace       used 46118K, capacity 47355K, committed 47616K, reserved 1091584K
  class space    used 5913K, capacity 6349K, committed 6400K, reserved 1048576K
}
Event: 8.804 GC heap before
{Heap before GC invocations=11 (full 0):
 garbage-first heap   total 118784K, used 84150K [0x0000000080000000, 0x0000000100000000)
  region size 1024K, 56 young (57344K), 6 survivors (6144K)
 Metaspace       used 50256K, capacity 51547K, committed 51584K, reserved 1093632K
  class space    used 6547K, capacity 7027K, committed 7040K, reserved 1048576K
}
Event: 8.812 GC heap after
{Heap after GC invocations=12 (full 0):
 garbage-first heap   total 118784K, used 41357K [0x0000000080000000, 0x0000000100000000)
  region size 1024K, 7 young (7168K), 7 survivors (7168K)
 Metaspace       used 50256K, capacity 51547K, committed 51584K, reserved 1093632K
  class space    used 6547K, capacity 7027K, committed 7040K, reserved 1048576K
}

