# JRE version: OpenJDK Runtime Environment (11.0.10) (build 11.0.10+0-b96-7249189)
# Java VM: OpenJDK 64-Bit Server VM (11.0.10+0-b96-7249189, mixed mode, tiered, compressed oops, g1 gc, windows-amd64)
Heap:
 garbage-first heap   total 248832K, used 185570K [0x0000000080000000, 0x0000000100000000)
  region size 1024K, 21 young (21504K), 5 survivors (5120K)
 Metaspace       used 146698K, capacity 150628K, committed 150912K, reserved 1181696K
  class space    used 17770K, capacity 19223K, committed 19328K, reserved 1048576K
GC Heap History (20 events):
Event: 66.228 GC heap before
{Heap before GC invocations=86 (full 0):
 garbage-first heap   total 248832K, used 215670K [0x0000000080000000, 0x0000000100000000)
  region size 1024K, 71 young (72704K), 1 survivors (1024K)
 Metaspace       used 136059K, capacity 139618K, committed 139904K, reserved 1171456K
  class space    used 16644K, capacity 17961K, committed 18048K, reserved 1048576K
}
Event: 66.230 GC heap after
{Heap after GC invocations=87 (full 0):
 garbage-first heap   total 248832K, used 144528K [0x0000000080000000, 0x0000000100000000)
  region size 1024K, 2 young (2048K), 2 survivors (2048K)
 Metaspace       used 136059K, capacity 139618K, committed 139904K, reserved 1171456K
  class space    used 16644K, capacity 17961K, committed 18048K, reserved 1048576K
}
Event: 66.507 GC heap before
{Heap before GC invocations=87 (full 0):
 garbage-first heap   total 248832K, used 215184K [0x0000000080000000, 0x0000000100000000)
  region size 1024K, 71 young (72704K), 2 survivors (2048K)
 Metaspace       used 136061K, capacity 139618K, committed 139904K, reserved 1171456K
  class space    used 16644K, capacity 17961K, committed 18048K, reserved 1048576K
}
Event: 66.509 GC heap after
{Heap after GC invocations=88 (full 0):
 garbage-first heap   total 248832K, used 144732K [0x0000000080000000, 0x0000000100000000)
  region size 1024K, 2 young (2048K), 2 survivors (2048K)
 Metaspace       used 136061K, capacity 139618K, committed 139904K, reserved 1171456K
  class space    used 16644K, capacity 17961K, committed 18048K, reserved 1048576K
}
Event: 68.002 GC heap before
{Heap before GC invocations=88 (full 0):
 garbage-first heap   total 248832K, used 218460K [0x0000000080000000, 0x0000000100000000)
  region size 1024K, 72 young (73728K), 2 survivors (2048K)
 Metaspace       used 142494K, capacity 146240K, committed 146432K, reserved 1177600K
  class space    used 17449K, capacity 18848K, committed 18944K, reserved 1048576K
}
Event: 68.009 GC heap after
{Heap after GC invocations=89 (full 0):
 garbage-first heap   total 248832K, used 151048K [0x0000000080000000, 0x0000000100000000)
  region size 1024K, 8 young (8192K), 8 survivors (8192K)
 Metaspace       used 142494K, capacity 146240K, committed 146432K, reserved 1177600K
  class space    used 17449K, capacity 18848K, committed 18944K, reserved 1048576K
}
Event: 69.242 GC heap before
{Heap before GC invocations=89 (full 0):
 garbage-first heap   total 248832K, used 213512K [0x0000000080000000, 0x0000000100000000)
  region size 1024K, 69 young (70656K), 8 survivors (8192K)
 Metaspace       used 145236K, capacity 149109K, committed 149248K, reserved 1179648K
  class space    used 17677K, capacity 19129K, committed 19200K, reserved 1048576K
}
Event: 69.259 GC heap after
{Heap after GC invocations=90 (full 0):
 garbage-first heap   total 248832K, used 159255K [0x0000000080000000, 0x0000000100000000)
  region size 1024K, 9 young (9216K), 9 survivors (9216K)
 Metaspace       used 145236K, capacity 149109K, committed 149248K, reserved 1179648K
  class space    used 17677K, capacity 19129K, committed 19200K, reserved 1048576K
}
Event: 70.437 GC heap before
{Heap before GC invocations=90 (full 0):
 garbage-first heap   total 248832K, used 210455K [0x0000000080000000, 0x0000000100000000)
  region size 1024K, 59 young (60416K), 9 survivors (9216K)
 Metaspace       used 145741K, capacity 149579K, committed 149760K, reserved 1179648K
  class space    used 17684K, capacity 19131K, committed 19200K, reserved 1048576K
}
Event: 70.448 GC heap after
{Heap after GC invocations=91 (full 0):
 garbage-first heap   total 248832K, used 161317K [0x0000000080000000, 0x0000000100000000)
  region size 1024K, 3 young (3072K), 3 survivors (3072K)
 Metaspace       used 145741K, capacity 149579K, committed 149760K, reserved 1179648K
  class space    used 17684K, capacity 19131K, committed 19200K, reserved 1048576K
}
Event: 71.342 GC heap before
{Heap before GC invocations=91 (full 0):
 garbage-first heap   total 248832K, used 210469K [0x0000000080000000, 0x0000000100000000)
  region size 1024K, 52 young (53248K), 3 survivors (3072K)
 Metaspace       used 146684K, capacity 150628K, committed 150912K, reserved 1181696K
  class space    used 17770K, capacity 19223K, committed 19328K, reserved 1048576K
}
Event: 71.348 GC heap after
{Heap after GC invocations=92 (full 0):
 garbage-first heap   total 248832K, used 164512K [0x0000000080000000, 0x0000000100000000)
  region size 1024K, 6 young (6144K), 6 survivors (6144K)
 Metaspace       used 146684K, capacity 150628K, committed 150912K, reserved 1181696K
  class space    used 17770K, capacity 19223K, committed 19328K, reserved 1048576K
}
Event: 72.034 GC heap before
{Heap before GC invocations=92 (full 0):
 garbage-first heap   total 248832K, used 210592K [0x0000000080000000, 0x0000000100000000)
  region size 1024K, 52 young (53248K), 6 survivors (6144K)
 Metaspace       used 146688K, capacity 150628K, committed 150912K, reserved 1181696K
  class space    used 17770K, capacity 19223K, committed 19328K, reserved 1048576K
}
Event: 72.043 GC heap after
{Heap after GC invocations=93 (full 0):
 garbage-first heap   total 248832K, used 166130K [0x0000000080000000, 0x0000000100000000)
  region size 1024K, 6 young (6144K), 6 survivors (6144K)
 Metaspace       used 146688K, capacity 150628K, committed 150912K, reserved 1181696K
  class space    used 17770K, capacity 19223K, committed 19328K, reserved 1048576K
}
Event: 72.960 GC heap before
{Heap before GC invocations=93 (full 0):
 garbage-first heap   total 248832K, used 212210K [0x0000000080000000, 0x0000000100000000)
  region size 1024K, 52 young (53248K), 6 survivors (6144K)
 Metaspace       used 146692K, capacity 150628K, committed 150912K, reserved 1181696K
  class space    used 17770K, capacity 19223K, committed 19328K, reserved 1048576K
}
Event: 72.967 GC heap after
{Heap after GC invocations=94 (full 0):
 garbage-first heap   total 248832K, used 167753K [0x0000000080000000, 0x0000000100000000)
  region size 1024K, 4 young (4096K), 4 survivors (4096K)
 Metaspace       used 146692K, capacity 150628K, committed 150912K, reserved 1181696K
  class space    used 17770K, capacity 19223K, committed 19328K, reserved 1048576K
}
Event: 73.851 GC heap before
{Heap before GC invocations=94 (full 0):
 garbage-first heap   total 248832K, used 212809K [0x0000000080000000, 0x0000000100000000)
  region size 1024K, 50 young (51200K), 4 survivors (4096K)
 Metaspace       used 146698K, capacity 150628K, committed 150912K, reserved 1181696K
  class space    used 17770K, capacity 19223K, committed 19328K, reserved 1048576K
}
Event: 73.861 GC heap after
{Heap after GC invocations=95 (full 0):
 garbage-first heap   total 248832K, used 170643K [0x0000000080000000, 0x0000000100000000)
  region size 1024K, 7 young (7168K), 7 survivors (7168K)
 Metaspace       used 146698K, capacity 150628K, committed 150912K, reserved 1181696K
  class space    used 17770K, capacity 19223K, committed 19328K, reserved 1048576K
}
Event: 74.378 GC heap before
{Heap before GC invocations=95 (full 0):
 garbage-first heap   total 248832K, used 214675K [0x0000000080000000, 0x0000000100000000)
  region size 1024K, 50 young (51200K), 7 survivors (7168K)
 Metaspace       used 146698K, capacity 150628K, committed 150912K, reserved 1181696K
  class space    used 17770K, capacity 19223K, committed 19328K, reserved 1048576K
}
Event: 74.386 GC heap after
{Heap after GC invocations=96 (full 0):
 garbage-first heap   total 248832K, used 171234K [0x0000000080000000, 0x0000000100000000)
  region size 1024K, 5 young (5120K), 5 survivors (5120K)
 Metaspace       used 146698K, capacity 150628K, committed 150912K, reserved 1181696K
  class space    used 17770K, capacity 19223K, committed 19328K, reserved 1048576K
}

